2025-04-16 14:36:53 - SESSION-20250416-143653 - INFO - 
==================================================
NEW SESSION STARTED
==================================================
2025-04-16 14:36:53 - SESSION-20250416-143653 - INFO - Application started, logging to None
2025-04-16 14:36:53 - SESSION-20250416-143653 - INFO - Application session started (PID: 10952)
2025-04-16 14:36:53 - SESSION-20250416-143653 - INFO - Notification system initialized on port 12347
2025-04-16 14:36:53 - SESSION-20250416-143653 - INFO - Notification listener started on port 12347
2025-04-16 14:36:55 - SESSION-20250416-143653 - INFO - Application started, logging to None
2025-04-16 14:37:02 - SESSION-20250416-143653 - INFO - Application started, logging to None
2025-04-16 14:37:06 - SESSION-20250416-143653 - INFO - Application started, logging to None
2025-04-16 14:37:09 - SESSION-20250416-143653 - INFO - Application started, logging to None
2025-04-16 14:37:09 - SESSION-20250416-143653 - INFO - Application started, logging to None
2025-04-16 14:37:09 - SESSION-20250416-143653 - INFO - Notification queued: visitor_registered - Visitor Arnav registered
2025-04-16 14:37:12 - SESSION-20250416-143653 - INFO - Application started, logging to None
2025-04-16 14:37:12 - SESSION-20250416-143653 - INFO - Application started, logging to None
2025-04-16 14:37:19 - SESSION-20250416-143653 - INFO - Application started, logging to None
2025-04-16 14:37:19 - SESSION-20250416-143653 - INFO - Application started, logging to None
2025-04-16 14:37:19 - SESSION-20250416-143653 - INFO - Application started, logging to None
2025-04-16 14:37:21 - SESSION-20250416-143653 - INFO - Application started, logging to None
2025-04-16 14:37:21 - SESSION-20250416-143653 - INFO - Notification queued: visitor_left - Visitor Arnav Rajurkar left
2025-04-16 14:37:21 - SESSION-20250416-143653 - INFO - Application started, logging to None
2025-04-16 14:37:24 - SESSION-20250416-143653 - INFO - Application started, logging to None
2025-04-16 14:37:24 - SESSION-20250416-143653 - INFO - Application started, logging to None
2025-04-16 14:43:22 - SESSION-20250416-143653 - INFO - 
==================================================
NEW SESSION STARTED
==================================================
2025-04-16 14:43:22 - SESSION-20250416-143653 - INFO - Application started, logging to None
2025-04-16 14:43:22 - SESSION-20250416-143653 - INFO - Application session started (PID: 10952)
2025-04-16 14:43:22 - SESSION-20250416-143653 - INFO - Notification system initialized on port 12348
2025-04-16 14:43:22 - SESSION-20250416-143653 - INFO - Notification listener started on port 12348
2025-04-16 14:43:26 - SESSION-20250416-143653 - INFO - Application started, logging to None
2025-04-16 14:43:29 - SESSION-20250416-143653 - INFO - Application started, logging to None
2025-04-16 14:43:32 - SESSION-20250416-143653 - INFO - Application started, logging to None
2025-04-16 14:43:38 - SESSION-20250416-143653 - INFO - Application started, logging to None
2025-04-16 14:43:40 - SESSION-20250416-143653 - INFO - Application started, logging to None
2025-04-16 14:43:44 - SESSION-20250416-143653 - INFO - Application started, logging to None
2025-04-16 14:43:47 - SESSION-20250416-143653 - INFO - Application started, logging to None
2025-04-16 14:43:47 - SESSION-20250416-143653 - INFO - Application started, logging to None
2025-04-16 14:43:47 - SESSION-20250416-143653 - INFO - ACTION:create_entry - USER:ArnavPavilion - client_name:Arnav  - unique_id:0001 - priority:Medium - deadline:None
2025-04-16 14:43:47 - SESSION-20250416-143653 - INFO - Notification queued: new_entry - New entry created for client Arnav  (ID: 0001)
2025-04-16 14:43:47 - SESSION-20250416-143653 - WARNING - No peers to broadcast entries to
2025-04-16 14:43:47 - SESSION-20250416-143653 - INFO - Application started, logging to None
2025-04-16 14:43:51 - SESSION-20250416-143653 - INFO - Application started, logging to None
2025-04-16 14:43:51 - SESSION-20250416-143653 - INFO - Application started, logging to None
2025-04-16 14:44:12 - SESSION-20250416-143653 - INFO - Application started, logging to None
2025-04-16 14:44:12 - SESSION-20250416-143653 - WARNING - No peers to broadcast entries to
2025-04-16 14:44:12 - SESSION-20250416-143653 - INFO - Application started, logging to None
2025-04-16 14:44:18 - SESSION-20250416-143653 - INFO - Application started, logging to None
2025-04-16 14:44:18 - SESSION-20250416-143653 - INFO - Application started, logging to None
2025-04-16 14:44:21 - SESSION-20250416-143653 - INFO - Application started, logging to None
2025-04-16 14:44:21 - SESSION-20250416-143653 - INFO - Application started, logging to None
2025-04-16 14:44:21 - SESSION-20250416-143653 - INFO - Application started, logging to None
2025-04-16 14:44:22 - SESSION-20250416-143653 - WARNING - No peers to broadcast entries to
2025-04-16 14:44:22 - SESSION-20250416-143653 - INFO - Application started, logging to None
2025-04-16 14:44:25 - SESSION-20250416-143653 - INFO - Application started, logging to None
2025-04-16 14:44:25 - SESSION-20250416-143653 - INFO - Application started, logging to None
2025-04-16 14:44:31 - SESSION-20250416-143653 - INFO - Application started, logging to None
2025-04-16 14:44:34 - SESSION-20250416-143653 - INFO - Application started, logging to None
2025-04-16 14:44:34 - SESSION-20250416-143653 - INFO - Application started, logging to None
2025-04-16 14:44:34 - SESSION-20250416-143653 - WARNING - No peers to broadcast entries to
2025-04-16 14:44:34 - SESSION-20250416-143653 - INFO - Application started, logging to None
2025-04-16 14:44:46 - SESSION-20250416-143653 - INFO - Application started, logging to None
2025-04-16 14:44:46 - SESSION-20250416-143653 - INFO - Application started, logging to None
2025-04-16 14:45:01 - SESSION-20250416-143653 - INFO - Application started, logging to None
2025-04-16 14:45:01 - SESSION-20250416-143653 - INFO - Application started, logging to None
2025-04-16 14:45:01 - SESSION-20250416-143653 - WARNING - No peers to broadcast entries to
2025-04-16 14:45:01 - SESSION-20250416-143653 - INFO - Application started, logging to None
2025-04-16 14:46:10 - SESSION-20250416-143653 - INFO - 
==================================================
NEW SESSION STARTED
==================================================
2025-04-16 14:46:10 - SESSION-20250416-143653 - INFO - Application started, logging to None
2025-04-16 14:46:10 - SESSION-20250416-143653 - INFO - Application session started (PID: 10952)
2025-04-16 14:46:10 - SESSION-20250416-143653 - INFO - Notification listener started on port 12349
2025-04-16 14:46:10 - SESSION-20250416-143653 - INFO - Notification system initialized on port 12349
2025-04-16 14:46:24 - SESSION-20250416-143653 - INFO - 
==================================================
NEW SESSION STARTED
==================================================
2025-04-16 14:46:24 - SESSION-20250416-143653 - INFO - Application started, logging to None
2025-04-16 14:46:24 - SESSION-20250416-143653 - INFO - Application session started (PID: 10952)
2025-04-16 14:46:24 - SESSION-20250416-143653 - INFO - Notification listener started on port 12350
2025-04-16 14:46:24 - SESSION-20250416-143653 - INFO - Notification system initialized on port 12350
2025-04-16 14:46:29 - SESSION-20250416-143653 - INFO - Application started, logging to None
2025-04-16 14:46:31 - SESSION-20250416-143653 - INFO - Application started, logging to None
2025-04-16 14:46:33 - SESSION-20250416-143653 - INFO - Application started, logging to None
2025-04-16 14:46:35 - SESSION-20250416-143653 - INFO - Application started, logging to None
2025-04-16 14:46:37 - SESSION-20250416-143653 - INFO - Application started, logging to None
2025-04-16 14:46:40 - SESSION-20250416-143653 - INFO - Application started, logging to None
2025-04-16 14:46:42 - SESSION-20250416-143653 - INFO - Application started, logging to None
2025-04-16 14:46:42 - SESSION-20250416-143653 - INFO - Application started, logging to None
2025-04-16 14:46:42 - SESSION-20250416-143653 - INFO - ACTION:create_entry - USER:ArnavPavilion - client_name:Arnav - unique_id:0001 - priority:Medium - deadline:None
2025-04-16 14:46:42 - SESSION-20250416-143653 - INFO - Notification queued: new_entry - New entry created for client Arnav (ID: 0001)
2025-04-16 14:46:42 - SESSION-20250416-143653 - WARNING - No peers to broadcast entries to
2025-04-16 14:46:42 - SESSION-20250416-143653 - INFO - Application started, logging to None
2025-04-16 14:46:48 - SESSION-20250416-143653 - INFO - Application started, logging to None
2025-04-16 14:46:49 - SESSION-20250416-143653 - INFO - Application started, logging to None
2025-04-16 14:46:54 - SESSION-20250416-143653 - INFO - Application started, logging to None
2025-04-16 14:46:57 - SESSION-20250416-143653 - INFO - Application started, logging to None
2025-04-16 14:47:03 - SESSION-20250416-143653 - INFO - Application started, logging to None
2025-04-16 14:47:03 - SESSION-20250416-143653 - INFO - Application started, logging to None
2025-04-16 14:47:03 - SESSION-20250416-143653 - WARNING - No peers to broadcast entries to
2025-04-16 14:47:03 - SESSION-20250416-143653 - INFO - Application started, logging to None
2025-04-16 14:47:10 - SESSION-20250416-143653 - INFO - Application started, logging to None
2025-04-16 14:47:10 - SESSION-20250416-143653 - INFO - Application started, logging to None
2025-04-16 14:47:12 - SESSION-20250416-143653 - INFO - Application started, logging to None
2025-04-16 14:47:12 - SESSION-20250416-143653 - INFO - Application started, logging to None
2025-04-16 14:47:12 - SESSION-20250416-143653 - WARNING - No peers to broadcast entries to
2025-04-16 14:47:12 - SESSION-20250416-143653 - INFO - Application started, logging to None
2025-04-16 14:48:27 - SESSION-20250416-143653 - INFO - 
==================================================
NEW SESSION STARTED
==================================================
2025-04-16 14:48:27 - SESSION-20250416-143653 - INFO - Application started, logging to None
2025-04-16 14:48:27 - SESSION-20250416-143653 - INFO - Application session started (PID: 10952)
2025-04-16 14:48:27 - SESSION-20250416-143653 - INFO - Notification listener started on port 12351
2025-04-16 14:48:27 - SESSION-20250416-143653 - INFO - Notification system initialized on port 12351
2025-04-16 14:49:08 - SESSION-20250416-143653 - INFO - 
==================================================
NEW SESSION STARTED
==================================================
2025-04-16 14:49:08 - SESSION-20250416-143653 - INFO - Application started, logging to None
2025-04-16 14:49:08 - SESSION-20250416-143653 - INFO - Application session started (PID: 10952)
2025-04-16 14:49:08 - SESSION-20250416-143653 - INFO - Notification listener started on port 12352
2025-04-16 14:49:08 - SESSION-20250416-143653 - INFO - Notification system initialized on port 12352
2025-04-16 14:50:35 - SESSION-20250416-143653 - INFO - 
==================================================
NEW SESSION STARTED
==================================================
2025-04-16 14:50:35 - SESSION-20250416-143653 - INFO - Application started, logging to None
2025-04-16 14:50:35 - SESSION-20250416-143653 - INFO - Application session started (PID: 10952)
2025-04-16 14:50:35 - SESSION-20250416-143653 - INFO - Notification system initialized on port 12353
2025-04-16 14:50:35 - SESSION-20250416-143653 - INFO - Notification listener started on port 12353
2025-04-16 14:51:09 - SESSION-20250416-143653 - INFO - 
==================================================
NEW SESSION STARTED
==================================================
2025-04-16 14:51:09 - SESSION-20250416-143653 - INFO - Application started, logging to None
2025-04-16 14:51:09 - SESSION-20250416-143653 - INFO - Application session started (PID: 10952)
2025-04-16 14:51:09 - SESSION-20250416-143653 - INFO - Notification listener started on port 12354
2025-04-16 14:51:09 - SESSION-20250416-143653 - INFO - Notification system initialized on port 12354
2025-04-16 14:51:47 - SESSION-20250416-143653 - INFO - 
==================================================
NEW SESSION STARTED
==================================================
2025-04-16 14:51:47 - SESSION-20250416-143653 - INFO - Application started, logging to None
2025-04-16 14:51:47 - SESSION-20250416-143653 - INFO - Application session started (PID: 10952)
2025-04-16 14:51:47 - SESSION-20250416-143653 - INFO - Notification system initialized on port 12355
2025-04-16 14:51:47 - SESSION-20250416-143653 - INFO - Notification listener started on port 12355
2025-04-16 14:51:59 - SESSION-20250416-143653 - INFO - Application started, logging to None
2025-04-16 14:52:06 - SESSION-20250416-143653 - INFO - Application started, logging to None
2025-04-16 14:52:09 - SESSION-20250416-143653 - INFO - Application started, logging to None
2025-04-16 14:52:10 - SESSION-20250416-143653 - INFO - Application started, logging to None
2025-04-16 14:52:12 - SESSION-20250416-143653 - INFO - Application started, logging to None
2025-04-16 14:52:20 - SESSION-20250416-143653 - INFO - Application started, logging to None
2025-04-16 14:52:22 - SESSION-20250416-143653 - INFO - Application started, logging to None
2025-04-16 14:52:22 - SESSION-20250416-143653 - INFO - Application started, logging to None
2025-04-16 14:52:22 - SESSION-20250416-143653 - INFO - Application started, logging to None
2025-04-16 14:52:58 - SESSION-20250416-143653 - INFO - Application started, logging to None
2025-04-16 14:53:03 - SESSION-20250416-143653 - INFO - Application started, logging to None
2025-04-16 14:53:03 - SESSION-20250416-143653 - INFO - Application started, logging to None
2025-04-16 14:53:03 - SESSION-20250416-143653 - INFO - ACTION:create_entry - USER:ArnavPavilion - client_name:B - unique_id:0002 - priority:Medium - deadline:None
2025-04-16 14:53:03 - SESSION-20250416-143653 - INFO - Notification queued: new_entry - New entry created for client B (ID: 0002)
2025-04-16 14:53:03 - SESSION-20250416-143653 - WARNING - No peers to broadcast entries to
2025-04-16 14:53:03 - SESSION-20250416-143653 - INFO - Application started, logging to None
2025-04-16 14:53:15 - SESSION-20250416-143653 - INFO - Application started, logging to None
2025-04-16 14:53:15 - SESSION-20250416-143653 - INFO - ACTION:complete_entry - USER:ArnavPavilion - unique_id:0002 - client_name:B
2025-04-16 14:53:15 - SESSION-20250416-143653 - INFO - Notification queued: update_entry - Entry for client B (ID: 0002) marked as completed
2025-04-16 14:53:15 - SESSION-20250416-143653 - WARNING - No peers to broadcast entries to
2025-04-16 14:53:15 - SESSION-20250416-143653 - INFO - Application started, logging to None
2025-04-16 14:53:22 - SESSION-20250416-143653 - INFO - Application started, logging to None
2025-04-16 14:53:22 - SESSION-20250416-143653 - INFO - Application started, logging to None
2025-04-16 14:53:34 - SESSION-20250416-143653 - INFO - Application started, logging to None
2025-04-16 14:53:40 - SESSION-20250416-143653 - INFO - Application started, logging to None
2025-04-16 14:53:40 - SESSION-20250416-143653 - INFO - Application started, logging to None
2025-04-16 14:53:45 - SESSION-20250416-143653 - INFO - Application started, logging to None
2025-04-16 14:53:45 - SESSION-20250416-143653 - INFO - Application started, logging to None
2025-04-16 14:53:55 - SESSION-20250416-143653 - INFO - Application started, logging to None
2025-04-16 14:53:55 - SESSION-20250416-143653 - INFO - Application started, logging to None
2025-04-16 15:03:04 - SESSION-20250416-143653 - INFO - 
==================================================
NEW SESSION STARTED
==================================================
2025-04-16 15:03:04 - SESSION-20250416-143653 - INFO - Application started, logging to None
2025-04-16 15:03:04 - SESSION-20250416-143653 - INFO - Notification system (ZeroMQ) initialized on port 12347
